# JRE version: OpenJDK Runtime Environment Temurin-17.0.5+8 (17.0.5+8) (build 17.0.5+8)
# Java VM: OpenJDK 64-Bit Server VM Temurin-17.0.5+8 (17.0.5+8, mixed mode, tiered, compressed oops, compressed class ptrs, parallel gc, windows-amd64)
GC Precious Log:
 CPUs: 12 total, 12 available
 Memory: 16226M
 Large Page Support: Disabled
 NUMA Support: Disabled
 Compressed Oops: Enabled (32-bit)
 Alignments: Space 512K, Generation 512K, Heap 2M
 Heap Min Capacity: 100M
 Heap Initial Capacity: 100M
 Heap Max Capacity: 1G
 Pre-touch: Disabled
 Parallel Workers: 10
Heap:
 PSYoungGen      total 11776K, used 7518K [0x00000000eab00000, 0x00000000eb800000, 0x0000000100000000)
  eden space 10752K, 66% used [0x00000000eab00000,0x00000000eb1ff8c8,0x00000000eb580000)
  from space 1024K, 34% used [0x00000000eb680000,0x00000000eb6d8000,0x00000000eb780000)
  to   space 512K, 0% used [0x00000000eb780000,0x00000000eb780000,0x00000000eb800000)
 ParOldGen       total 96768K, used 75409K [0x00000000c0000000, 0x00000000c5e80000, 0x00000000eab00000)
  object space 96768K, 77% used [0x00000000c0000000,0x00000000c49a45a8,0x00000000c5e80000)
 Metaspace       used 71563K, committed 72640K, reserved 1114112K
  class space    used 8149K, committed 8640K, reserved 1048576K
GC Heap History (20 events):
Event: 78.496 GC heap before
{Heap before GC invocations=113 (full 4):
 PSYoungGen      total 11264K, used 11264K [0x00000000eab00000, 0x00000000eb880000, 0x0000000100000000)
  eden space 10752K, 100% used [0x00000000eab00000,0x00000000eb580000,0x00000000eb580000)
  from space 512K, 100% used [0x00000000eb780000,0x00000000eb800000,0x00000000eb800000)
  to   space 512K, 0% used [0x00000000eb800000,0x00000000eb800000,0x00000000eb880000)
 ParOldGen       total 96768K, used 73232K [0x00000000c0000000, 0x00000000c5e80000, 0x00000000eab00000)
  object space 96768K, 75% used [0x00000000c0000000,0x00000000c4784008,0x00000000c5e80000)
 Metaspace       used 69706K, committed 70720K, reserved 1114112K
  class space    used 7932K, committed 8384K, reserved 1048576K
}
Event: 78.497 GC heap after
{Heap after GC invocations=113 (full 4):
 PSYoungGen      total 11264K, used 224K [0x00000000eab00000, 0x00000000eb880000, 0x0000000100000000)
  eden space 10752K, 0% used [0x00000000eab00000,0x00000000eab00000,0x00000000eb580000)
  from space 512K, 43% used [0x00000000eb800000,0x00000000eb838000,0x00000000eb880000)
  to   space 1024K, 0% used [0x00000000eb680000,0x00000000eb680000,0x00000000eb780000)
 ParOldGen       total 96768K, used 73552K [0x00000000c0000000, 0x00000000c5e80000, 0x00000000eab00000)
  object space 96768K, 76% used [0x00000000c0000000,0x00000000c47d4008,0x00000000c5e80000)
 Metaspace       used 69706K, committed 70720K, reserved 1114112K
  class space    used 7932K, committed 8384K, reserved 1048576K
}
Event: 78.653 GC heap before
{Heap before GC invocations=114 (full 4):
 PSYoungGen      total 11264K, used 10976K [0x00000000eab00000, 0x00000000eb880000, 0x0000000100000000)
  eden space 10752K, 100% used [0x00000000eab00000,0x00000000eb580000,0x00000000eb580000)
  from space 512K, 43% used [0x00000000eb800000,0x00000000eb838000,0x00000000eb880000)
  to   space 1024K, 0% used [0x00000000eb680000,0x00000000eb680000,0x00000000eb780000)
 ParOldGen       total 96768K, used 73552K [0x00000000c0000000, 0x00000000c5e80000, 0x00000000eab00000)
  object space 96768K, 76% used [0x00000000c0000000,0x00000000c47d4008,0x00000000c5e80000)
 Metaspace       used 69706K, committed 70720K, reserved 1114112K
  class space    used 7932K, committed 8384K, reserved 1048576K
}
Event: 78.653 GC heap after
{Heap after GC invocations=114 (full 4):
 PSYoungGen      total 11776K, used 320K [0x00000000eab00000, 0x00000000eb880000, 0x0000000100000000)
  eden space 10752K, 0% used [0x00000000eab00000,0x00000000eab00000,0x00000000eb580000)
  from space 1024K, 31% used [0x00000000eb680000,0x00000000eb6d0000,0x00000000eb780000)
  to   space 512K, 0% used [0x00000000eb800000,0x00000000eb800000,0x00000000eb880000)
 ParOldGen       total 96768K, used 73632K [0x00000000c0000000, 0x00000000c5e80000, 0x00000000eab00000)
  object space 96768K, 76% used [0x00000000c0000000,0x00000000c47e8008,0x00000000c5e80000)
 Metaspace       used 69706K, committed 70720K, reserved 1114112K
  class space    used 7932K, committed 8384K, reserved 1048576K
}
Event: 78.852 GC heap before
{Heap before GC invocations=115 (full 4):
 PSYoungGen      total 11776K, used 11072K [0x00000000eab00000, 0x00000000eb880000, 0x0000000100000000)
  eden space 10752K, 100% used [0x00000000eab00000,0x00000000eb580000,0x00000000eb580000)
  from space 1024K, 31% used [0x00000000eb680000,0x00000000eb6d0000,0x00000000eb780000)
  to   space 512K, 0% used [0x00000000eb800000,0x00000000eb800000,0x00000000eb880000)
 ParOldGen       total 96768K, used 73632K [0x00000000c0000000, 0x00000000c5e80000, 0x00000000eab00000)
  object space 96768K, 76% used [0x00000000c0000000,0x00000000c47e8008,0x00000000c5e80000)
 Metaspace       used 69706K, committed 70720K, reserved 1114112K
  class space    used 7932K, committed 8384K, reserved 1048576K
}
Event: 78.852 GC heap after
{Heap after GC invocations=115 (full 4):
 PSYoungGen      total 11264K, used 224K [0x00000000eab00000, 0x00000000eb880000, 0x0000000100000000)
  eden space 10752K, 0% used [0x00000000eab00000,0x00000000eab00000,0x00000000eb580000)
  from space 512K, 43% used [0x00000000eb800000,0x00000000eb838000,0x00000000eb880000)
  to   space 512K, 0% used [0x00000000eb780000,0x00000000eb780000,0x00000000eb800000)
 ParOldGen       total 96768K, used 73704K [0x00000000c0000000, 0x00000000c5e80000, 0x00000000eab00000)
  object space 96768K, 76% used [0x00000000c0000000,0x00000000c47fa008,0x00000000c5e80000)
 Metaspace       used 69706K, committed 70720K, reserved 1114112K
  class space    used 7932K, committed 8384K, reserved 1048576K
}
Event: 78.958 GC heap before
{Heap before GC invocations=116 (full 4):
 PSYoungGen      total 11264K, used 10976K [0x00000000eab00000, 0x00000000eb880000, 0x0000000100000000)
  eden space 10752K, 100% used [0x00000000eab00000,0x00000000eb580000,0x00000000eb580000)
  from space 512K, 43% used [0x00000000eb800000,0x00000000eb838000,0x00000000eb880000)
  to   space 512K, 0% used [0x00000000eb780000,0x00000000eb780000,0x00000000eb800000)
 ParOldGen       total 96768K, used 73704K [0x00000000c0000000, 0x00000000c5e80000, 0x00000000eab00000)
  object space 96768K, 76% used [0x00000000c0000000,0x00000000c47fa008,0x00000000c5e80000)
 Metaspace       used 69706K, committed 70720K, reserved 1114112K
  class space    used 7932K, committed 8384K, reserved 1048576K
}
Event: 78.959 GC heap after
{Heap after GC invocations=116 (full 4):
 PSYoungGen      total 11264K, used 320K [0x00000000eab00000, 0x00000000eb880000, 0x0000000100000000)
  eden space 10752K, 0% used [0x00000000eab00000,0x00000000eab00000,0x00000000eb580000)
  from space 512K, 62% used [0x00000000eb780000,0x00000000eb7d0000,0x00000000eb800000)
  to   space 512K, 0% used [0x00000000eb800000,0x00000000eb800000,0x00000000eb880000)
 ParOldGen       total 96768K, used 73736K [0x00000000c0000000, 0x00000000c5e80000, 0x00000000eab00000)
  object space 96768K, 76% used [0x00000000c0000000,0x00000000c4802008,0x00000000c5e80000)
 Metaspace       used 69706K, committed 70720K, reserved 1114112K
  class space    used 7932K, committed 8384K, reserved 1048576K
}
Event: 79.063 GC heap before
{Heap before GC invocations=117 (full 4):
 PSYoungGen      total 11264K, used 11072K [0x00000000eab00000, 0x00000000eb880000, 0x0000000100000000)
  eden space 10752K, 100% used [0x00000000eab00000,0x00000000eb580000,0x00000000eb580000)
  from space 512K, 62% used [0x00000000eb780000,0x00000000eb7d0000,0x00000000eb800000)
  to   space 512K, 0% used [0x00000000eb800000,0x00000000eb800000,0x00000000eb880000)
 ParOldGen       total 96768K, used 73736K [0x00000000c0000000, 0x00000000c5e80000, 0x00000000eab00000)
  object space 96768K, 76% used [0x00000000c0000000,0x00000000c4802008,0x00000000c5e80000)
 Metaspace       used 69706K, committed 70720K, reserved 1114112K
  class space    used 7932K, committed 8384K, reserved 1048576K
}
Event: 79.063 GC heap after
{Heap after GC invocations=117 (full 4):
 PSYoungGen      total 11264K, used 320K [0x00000000eab00000, 0x00000000eb880000, 0x0000000100000000)
  eden space 10752K, 0% used [0x00000000eab00000,0x00000000eab00000,0x00000000eb580000)
  from space 512K, 62% used [0x00000000eb800000,0x00000000eb850000,0x00000000eb880000)
  to   space 512K, 0% used [0x00000000eb780000,0x00000000eb780000,0x00000000eb800000)
 ParOldGen       total 96768K, used 73792K [0x00000000c0000000, 0x00000000c5e80000, 0x00000000eab00000)
  object space 96768K, 76% used [0x00000000c0000000,0x00000000c4810008,0x00000000c5e80000)
 Metaspace       used 69706K, committed 70720K, reserved 1114112K
  class space    used 7932K, committed 8384K, reserved 1048576K
}
Event: 79.173 GC heap before
{Heap before GC invocations=118 (full 4):
 PSYoungGen      total 11264K, used 11072K [0x00000000eab00000, 0x00000000eb880000, 0x0000000100000000)
  eden space 10752K, 100% used [0x00000000eab00000,0x00000000eb580000,0x00000000eb580000)
  from space 512K, 62% used [0x00000000eb800000,0x00000000eb850000,0x00000000eb880000)
  to   space 512K, 0% used [0x00000000eb780000,0x00000000eb780000,0x00000000eb800000)
 ParOldGen       total 96768K, used 73792K [0x00000000c0000000, 0x00000000c5e80000, 0x00000000eab00000)
  object space 96768K, 76% used [0x00000000c0000000,0x00000000c4810008,0x00000000c5e80000)
 Metaspace       used 69710K, committed 70720K, reserved 1114112K
  class space    used 7932K, committed 8384K, reserved 1048576K
}
Event: 79.173 GC heap after
{Heap after GC invocations=118 (full 4):
 PSYoungGen      total 11264K, used 320K [0x00000000eab00000, 0x00000000eb880000, 0x0000000100000000)
  eden space 10752K, 0% used [0x00000000eab00000,0x00000000eab00000,0x00000000eb580000)
  from space 512K, 62% used [0x00000000eb780000,0x00000000eb7d0000,0x00000000eb800000)
  to   space 512K, 0% used [0x00000000eb800000,0x00000000eb800000,0x00000000eb880000)
 ParOldGen       total 96768K, used 73840K [0x00000000c0000000, 0x00000000c5e80000, 0x00000000eab00000)
  object space 96768K, 76% used [0x00000000c0000000,0x00000000c481c008,0x00000000c5e80000)
 Metaspace       used 69710K, committed 70720K, reserved 1114112K
  class space    used 7932K, committed 8384K, reserved 1048576K
}
Event: 79.204 GC heap before
{Heap before GC invocations=119 (full 4):
 PSYoungGen      total 11264K, used 11071K [0x00000000eab00000, 0x00000000eb880000, 0x0000000100000000)
  eden space 10752K, 99% used [0x00000000eab00000,0x00000000eb57fff0,0x00000000eb580000)
  from space 512K, 62% used [0x00000000eb780000,0x00000000eb7d0000,0x00000000eb800000)
  to   space 512K, 0% used [0x00000000eb800000,0x00000000eb800000,0x00000000eb880000)
 ParOldGen       total 96768K, used 73840K [0x00000000c0000000, 0x00000000c5e80000, 0x00000000eab00000)
  object space 96768K, 76% used [0x00000000c0000000,0x00000000c481c008,0x00000000c5e80000)
 Metaspace       used 69816K, committed 70848K, reserved 1114112K
  class space    used 7938K, committed 8384K, reserved 1048576K
}
Event: 79.205 GC heap after
{Heap after GC invocations=119 (full 4):
 PSYoungGen      total 11264K, used 512K [0x00000000eab00000, 0x00000000eb880000, 0x0000000100000000)
  eden space 10752K, 0% used [0x00000000eab00000,0x00000000eab00000,0x00000000eb580000)
  from space 512K, 100% used [0x00000000eb800000,0x00000000eb880000,0x00000000eb880000)
  to   space 1536K, 0% used [0x00000000eb580000,0x00000000eb580000,0x00000000eb700000)
 ParOldGen       total 96768K, used 74600K [0x00000000c0000000, 0x00000000c5e80000, 0x00000000eab00000)
  object space 96768K, 77% used [0x00000000c0000000,0x00000000c48da008,0x00000000c5e80000)
 Metaspace       used 69816K, committed 70848K, reserved 1114112K
  class space    used 7938K, committed 8384K, reserved 1048576K
}
Event: 79.302 GC heap before
{Heap before GC invocations=120 (full 4):
 PSYoungGen      total 11264K, used 11264K [0x00000000eab00000, 0x00000000eb880000, 0x0000000100000000)
  eden space 10752K, 100% used [0x00000000eab00000,0x00000000eb580000,0x00000000eb580000)
  from space 512K, 100% used [0x00000000eb800000,0x00000000eb880000,0x00000000eb880000)
  to   space 1536K, 0% used [0x00000000eb580000,0x00000000eb580000,0x00000000eb700000)
 ParOldGen       total 96768K, used 74600K [0x00000000c0000000, 0x00000000c5e80000, 0x00000000eab00000)
  object space 96768K, 77% used [0x00000000c0000000,0x00000000c48da008,0x00000000c5e80000)
 Metaspace       used 70291K, committed 71360K, reserved 1114112K
  class space    used 8001K, committed 8512K, reserved 1048576K
}
Event: 79.303 GC heap after
{Heap after GC invocations=120 (full 4):
 PSYoungGen      total 12288K, used 480K [0x00000000eab00000, 0x00000000eb880000, 0x0000000100000000)
  eden space 10752K, 0% used [0x00000000eab00000,0x00000000eab00000,0x00000000eb580000)
  from space 1536K, 31% used [0x00000000eb580000,0x00000000eb5f8000,0x00000000eb700000)
  to   space 1024K, 0% used [0x00000000eb780000,0x00000000eb780000,0x00000000eb880000)
 ParOldGen       total 96768K, used 74761K [0x00000000c0000000, 0x00000000c5e80000, 0x00000000eab00000)
  object space 96768K, 77% used [0x00000000c0000000,0x00000000c4902700,0x00000000c5e80000)
 Metaspace       used 70291K, committed 71360K, reserved 1114112K
  class space    used 8001K, committed 8512K, reserved 1048576K
}
Event: 79.491 GC heap before
{Heap before GC invocations=121 (full 4):
 PSYoungGen      total 12288K, used 11232K [0x00000000eab00000, 0x00000000eb880000, 0x0000000100000000)
  eden space 10752K, 100% used [0x00000000eab00000,0x00000000eb580000,0x00000000eb580000)
  from space 1536K, 31% used [0x00000000eb580000,0x00000000eb5f8000,0x00000000eb700000)
  to   space 1024K, 0% used [0x00000000eb780000,0x00000000eb780000,0x00000000eb880000)
 ParOldGen       total 96768K, used 74761K [0x00000000c0000000, 0x00000000c5e80000, 0x00000000eab00000)
  object space 96768K, 77% used [0x00000000c0000000,0x00000000c4902700,0x00000000c5e80000)
 Metaspace       used 71253K, committed 72384K, reserved 1114112K
  class space    used 8125K, committed 8640K, reserved 1048576K
}
Event: 79.493 GC heap after
{Heap after GC invocations=121 (full 4):
 PSYoungGen      total 11776K, used 626K [0x00000000eab00000, 0x00000000eb880000, 0x0000000100000000)
  eden space 10752K, 0% used [0x00000000eab00000,0x00000000eab00000,0x00000000eb580000)
  from space 1024K, 61% used [0x00000000eb780000,0x00000000eb81cb60,0x00000000eb880000)
  to   space 1024K, 0% used [0x00000000eb680000,0x00000000eb680000,0x00000000eb780000)
 ParOldGen       total 96768K, used 74961K [0x00000000c0000000, 0x00000000c5e80000, 0x00000000eab00000)
  object space 96768K, 77% used [0x00000000c0000000,0x00000000c4934700,0x00000000c5e80000)
 Metaspace       used 71253K, committed 72384K, reserved 1114112K
  class space    used 8125K, committed 8640K, reserved 1048576K
}
Event: 79.628 GC heap before
{Heap before GC invocations=122 (full 4):
 PSYoungGen      total 11776K, used 11378K [0x00000000eab00000, 0x00000000eb880000, 0x0000000100000000)
  eden space 10752K, 100% used [0x00000000eab00000,0x00000000eb580000,0x00000000eb580000)
  from space 1024K, 61% used [0x00000000eb780000,0x00000000eb81cb60,0x00000000eb880000)
  to   space 1024K, 0% used [0x00000000eb680000,0x00000000eb680000,0x00000000eb780000)
 ParOldGen       total 96768K, used 74961K [0x00000000c0000000, 0x00000000c5e80000, 0x00000000eab00000)
  object space 96768K, 77% used [0x00000000c0000000,0x00000000c4934700,0x00000000c5e80000)
 Metaspace       used 71490K, committed 72640K, reserved 1114112K
  class space    used 8147K, committed 8640K, reserved 1048576K
}
Event: 79.630 GC heap after
{Heap after GC invocations=122 (full 4):
 PSYoungGen      total 11776K, used 352K [0x00000000eab00000, 0x00000000eb800000, 0x0000000100000000)
  eden space 10752K, 0% used [0x00000000eab00000,0x00000000eab00000,0x00000000eb580000)
  from space 1024K, 34% used [0x00000000eb680000,0x00000000eb6d8000,0x00000000eb780000)
  to   space 512K, 0% used [0x00000000eb780000,0x00000000eb780000,0x00000000eb800000)
 ParOldGen       total 96768K, used 75409K [0x00000000c0000000, 0x00000000c5e80000, 0x00000000eab00000)
  object space 96768K, 77% used [0x00000000c0000000,0x00000000c49a45a8,0x00000000c5e80000)
 Metaspace       used 71490K, committed 72640K, reserved 1114112K
  class space    used 8147K, committed 8640K, reserved 1048576K
}

