# JRE version: OpenJDK Runtime Environment Temurin-17.0.6+10 (17.0.6+10) (build 17.0.6+10)
# Java VM: OpenJDK 64-Bit Server VM Temurin-17.0.6+10 (17.0.6+10, mixed mode, tiered, compressed oops, compressed class ptrs, parallel gc, windows-amd64)
GC Precious Log:
 CPUs: 12 total, 12 available
 Memory: 16226M
 Large Page Support: Disabled
 NUMA Support: Disabled
 Compressed Oops: Enabled (32-bit)
 Alignments: Space 512K, Generation 512K, Heap 2M
 Heap Min Capacity: 100M
 Heap Initial Capacity: 100M
 Heap Max Capacity: 1G
 Pre-touch: Disabled
 Parallel Workers: 10
Heap:
 PSYoungGen      total 7168K, used 937K [0x00000000eab00000, 0x00000000eb400000, 0x0000000100000000)
  eden space 6656K, 6% used [0x00000000eab00000,0x00000000eab6d160,0x00000000eb180000)
  from space 512K, 97% used [0x00000000eb280000,0x00000000eb2fd588,0x00000000eb300000)
  to   space 1024K, 0% used [0x00000000eb180000,0x00000000eb180000,0x00000000eb280000)
 ParOldGen       total 113664K, used 101920K [0x00000000c0000000, 0x00000000c6f00000, 0x00000000eab00000)
  object space 113664K, 89% used [0x00000000c0000000,0x00000000c6388130,0x00000000c6f00000)
 Metaspace       used 76290K, committed 77312K, reserved 1122304K
  class space    used 8985K, committed 9472K, reserved 1048576K
GC Heap History (20 events):
Event: 170.861 GC heap before
{Heap before GC invocations=235 (full 10):
 PSYoungGen      total 5632K, used 5399K [0x00000000eab00000, 0x00000000eb400000, 0x0000000100000000)
  eden space 2560K, 100% used [0x00000000eab00000,0x00000000ead80000,0x00000000ead80000)
  from space 3072K, 92% used [0x00000000ead80000,0x00000000eb045e80,0x00000000eb080000)
  to   space 3072K, 0% used [0x00000000eb100000,0x00000000eb100000,0x00000000eb400000)
 ParOldGen       total 113664K, used 92506K [0x00000000c0000000, 0x00000000c6f00000, 0x00000000eab00000)
  object space 113664K, 81% used [0x00000000c0000000,0x00000000c5a569d0,0x00000000c6f00000)
 Metaspace       used 76164K, committed 77248K, reserved 1122304K
  class space    used 8982K, committed 9472K, reserved 1048576K
}
Event: 170.864 GC heap after
{Heap after GC invocations=235 (full 10):
 PSYoungGen      total 5632K, used 2336K [0x00000000eab00000, 0x00000000eb380000, 0x0000000100000000)
  eden space 3072K, 0% used [0x00000000eab00000,0x00000000eab00000,0x00000000eae00000)
  from space 2560K, 91% used [0x00000000eb100000,0x00000000eb348000,0x00000000eb380000)
  to   space 2560K, 0% used [0x00000000eae80000,0x00000000eae80000,0x00000000eb100000)
 ParOldGen       total 113664K, used 93566K [0x00000000c0000000, 0x00000000c6f00000, 0x00000000eab00000)
  object space 113664K, 82% used [0x00000000c0000000,0x00000000c5b5fa58,0x00000000c6f00000)
 Metaspace       used 76164K, committed 77248K, reserved 1122304K
  class space    used 8982K, committed 9472K, reserved 1048576K
}
Event: 170.875 GC heap before
{Heap before GC invocations=236 (full 10):
 PSYoungGen      total 5632K, used 5408K [0x00000000eab00000, 0x00000000eb380000, 0x0000000100000000)
  eden space 3072K, 100% used [0x00000000eab00000,0x00000000eae00000,0x00000000eae00000)
  from space 2560K, 91% used [0x00000000eb100000,0x00000000eb348000,0x00000000eb380000)
  to   space 2560K, 0% used [0x00000000eae80000,0x00000000eae80000,0x00000000eb100000)
 ParOldGen       total 113664K, used 93566K [0x00000000c0000000, 0x00000000c6f00000, 0x00000000eab00000)
  object space 113664K, 82% used [0x00000000c0000000,0x00000000c5b5fa58,0x00000000c6f00000)
 Metaspace       used 76164K, committed 77248K, reserved 1122304K
  class space    used 8982K, committed 9472K, reserved 1048576K
}
Event: 170.880 GC heap after
{Heap after GC invocations=236 (full 10):
 PSYoungGen      total 6144K, used 1888K [0x00000000eab00000, 0x00000000eb400000, 0x0000000100000000)
  eden space 3584K, 0% used [0x00000000eab00000,0x00000000eab00000,0x00000000eae80000)
  from space 2560K, 73% used [0x00000000eae80000,0x00000000eb058000,0x00000000eb100000)
  to   space 2560K, 0% used [0x00000000eb180000,0x00000000eb180000,0x00000000eb400000)
 ParOldGen       total 113664K, used 94662K [0x00000000c0000000, 0x00000000c6f00000, 0x00000000eab00000)
  object space 113664K, 83% used [0x00000000c0000000,0x00000000c5c71a58,0x00000000c6f00000)
 Metaspace       used 76164K, committed 77248K, reserved 1122304K
  class space    used 8982K, committed 9472K, reserved 1048576K
}
Event: 170.924 GC heap before
{Heap before GC invocations=237 (full 10):
 PSYoungGen      total 6144K, used 5472K [0x00000000eab00000, 0x00000000eb400000, 0x0000000100000000)
  eden space 3584K, 100% used [0x00000000eab00000,0x00000000eae80000,0x00000000eae80000)
  from space 2560K, 73% used [0x00000000eae80000,0x00000000eb058000,0x00000000eb100000)
  to   space 2560K, 0% used [0x00000000eb180000,0x00000000eb180000,0x00000000eb400000)
 ParOldGen       total 113664K, used 94662K [0x00000000c0000000, 0x00000000c6f00000, 0x00000000eab00000)
  object space 113664K, 83% used [0x00000000c0000000,0x00000000c5c71a58,0x00000000c6f00000)
 Metaspace       used 76175K, committed 77248K, reserved 1122304K
  class space    used 8984K, committed 9472K, reserved 1048576K
}
Event: 170.926 GC heap after
{Heap after GC invocations=237 (full 10):
 PSYoungGen      total 6656K, used 2085K [0x00000000eab00000, 0x00000000eb480000, 0x0000000100000000)
  eden space 4096K, 0% used [0x00000000eab00000,0x00000000eab00000,0x00000000eaf00000)
  from space 2560K, 81% used [0x00000000eb180000,0x00000000eb389660,0x00000000eb400000)
  to   space 2560K, 0% used [0x00000000eaf00000,0x00000000eaf00000,0x00000000eb180000)
 ParOldGen       total 113664K, used 95798K [0x00000000c0000000, 0x00000000c6f00000, 0x00000000eab00000)
  object space 113664K, 84% used [0x00000000c0000000,0x00000000c5d8da58,0x00000000c6f00000)
 Metaspace       used 76175K, committed 77248K, reserved 1122304K
  class space    used 8984K, committed 9472K, reserved 1048576K
}
Event: 170.943 GC heap before
{Heap before GC invocations=238 (full 10):
 PSYoungGen      total 6656K, used 6181K [0x00000000eab00000, 0x00000000eb480000, 0x0000000100000000)
  eden space 4096K, 100% used [0x00000000eab00000,0x00000000eaf00000,0x00000000eaf00000)
  from space 2560K, 81% used [0x00000000eb180000,0x00000000eb389660,0x00000000eb400000)
  to   space 2560K, 0% used [0x00000000eaf00000,0x00000000eaf00000,0x00000000eb180000)
 ParOldGen       total 113664K, used 95798K [0x00000000c0000000, 0x00000000c6f00000, 0x00000000eab00000)
  object space 113664K, 84% used [0x00000000c0000000,0x00000000c5d8da58,0x00000000c6f00000)
 Metaspace       used 76177K, committed 77248K, reserved 1122304K
  class space    used 8984K, committed 9472K, reserved 1048576K
}
Event: 170.946 GC heap after
{Heap after GC invocations=238 (full 10):
 PSYoungGen      total 6656K, used 416K [0x00000000eab00000, 0x00000000eb300000, 0x0000000100000000)
  eden space 4096K, 0% used [0x00000000eab00000,0x00000000eab00000,0x00000000eaf00000)
  from space 2560K, 16% used [0x00000000eaf00000,0x00000000eaf68000,0x00000000eb180000)
  to   space 1536K, 0% used [0x00000000eb180000,0x00000000eb180000,0x00000000eb300000)
 ParOldGen       total 113664K, used 97756K [0x00000000c0000000, 0x00000000c6f00000, 0x00000000eab00000)
  object space 113664K, 86% used [0x00000000c0000000,0x00000000c5f770b8,0x00000000c6f00000)
 Metaspace       used 76177K, committed 77248K, reserved 1122304K
  class space    used 8984K, committed 9472K, reserved 1048576K
}
Event: 170.958 GC heap before
{Heap before GC invocations=239 (full 10):
 PSYoungGen      total 6656K, used 4512K [0x00000000eab00000, 0x00000000eb300000, 0x0000000100000000)
  eden space 4096K, 100% used [0x00000000eab00000,0x00000000eaf00000,0x00000000eaf00000)
  from space 2560K, 16% used [0x00000000eaf00000,0x00000000eaf68000,0x00000000eb180000)
  to   space 1536K, 0% used [0x00000000eb180000,0x00000000eb180000,0x00000000eb300000)
 ParOldGen       total 113664K, used 97756K [0x00000000c0000000, 0x00000000c6f00000, 0x00000000eab00000)
  object space 113664K, 86% used [0x00000000c0000000,0x00000000c5f770b8,0x00000000c6f00000)
 Metaspace       used 76177K, committed 77248K, reserved 1122304K
  class space    used 8984K, committed 9472K, reserved 1048576K
}
Event: 170.961 GC heap after
{Heap after GC invocations=239 (full 10):
 PSYoungGen      total 5632K, used 352K [0x00000000eab00000, 0x00000000eb200000, 0x0000000100000000)
  eden space 5120K, 0% used [0x00000000eab00000,0x00000000eab00000,0x00000000eb000000)
  from space 512K, 68% used [0x00000000eb180000,0x00000000eb1d8000,0x00000000eb200000)
  to   space 512K, 0% used [0x00000000eb100000,0x00000000eb100000,0x00000000eb180000)
 ParOldGen       total 113664K, used 98052K [0x00000000c0000000, 0x00000000c6f00000, 0x00000000eab00000)
  object space 113664K, 86% used [0x00000000c0000000,0x00000000c5fc10b8,0x00000000c6f00000)
 Metaspace       used 76177K, committed 77248K, reserved 1122304K
  class space    used 8984K, committed 9472K, reserved 1048576K
}
Event: 170.978 GC heap before
{Heap before GC invocations=240 (full 10):
 PSYoungGen      total 5632K, used 5472K [0x00000000eab00000, 0x00000000eb200000, 0x0000000100000000)
  eden space 5120K, 100% used [0x00000000eab00000,0x00000000eb000000,0x00000000eb000000)
  from space 512K, 68% used [0x00000000eb180000,0x00000000eb1d8000,0x00000000eb200000)
  to   space 512K, 0% used [0x00000000eb100000,0x00000000eb100000,0x00000000eb180000)
 ParOldGen       total 113664K, used 98052K [0x00000000c0000000, 0x00000000c6f00000, 0x00000000eab00000)
  object space 113664K, 86% used [0x00000000c0000000,0x00000000c5fc10b8,0x00000000c6f00000)
 Metaspace       used 76177K, committed 77248K, reserved 1122304K
  class space    used 8984K, committed 9472K, reserved 1048576K
}
Event: 170.981 GC heap after
{Heap after GC invocations=240 (full 10):
 PSYoungGen      total 6656K, used 448K [0x00000000eab00000, 0x00000000eb200000, 0x0000000100000000)
  eden space 6144K, 0% used [0x00000000eab00000,0x00000000eab00000,0x00000000eb100000)
  from space 512K, 87% used [0x00000000eb100000,0x00000000eb170000,0x00000000eb180000)
  to   space 512K, 0% used [0x00000000eb180000,0x00000000eb180000,0x00000000eb200000)
 ParOldGen       total 113664K, used 98348K [0x00000000c0000000, 0x00000000c6f00000, 0x00000000eab00000)
  object space 113664K, 86% used [0x00000000c0000000,0x00000000c600b0b8,0x00000000c6f00000)
 Metaspace       used 76177K, committed 77248K, reserved 1122304K
  class space    used 8984K, committed 9472K, reserved 1048576K
}
Event: 171.003 GC heap before
{Heap before GC invocations=241 (full 10):
 PSYoungGen      total 6656K, used 6592K [0x00000000eab00000, 0x00000000eb200000, 0x0000000100000000)
  eden space 6144K, 100% used [0x00000000eab00000,0x00000000eb100000,0x00000000eb100000)
  from space 512K, 87% used [0x00000000eb100000,0x00000000eb170000,0x00000000eb180000)
  to   space 512K, 0% used [0x00000000eb180000,0x00000000eb180000,0x00000000eb200000)
 ParOldGen       total 113664K, used 98348K [0x00000000c0000000, 0x00000000c6f00000, 0x00000000eab00000)
  object space 113664K, 86% used [0x00000000c0000000,0x00000000c600b0b8,0x00000000c6f00000)
 Metaspace       used 76177K, committed 77248K, reserved 1122304K
  class space    used 8984K, committed 9472K, reserved 1048576K
}
Event: 171.005 GC heap after
{Heap after GC invocations=241 (full 10):
 PSYoungGen      total 6656K, used 480K [0x00000000eab00000, 0x00000000eb300000, 0x0000000100000000)
  eden space 6144K, 0% used [0x00000000eab00000,0x00000000eab00000,0x00000000eb100000)
  from space 512K, 93% used [0x00000000eb180000,0x00000000eb1f8000,0x00000000eb200000)
  to   space 512K, 0% used [0x00000000eb100000,0x00000000eb100000,0x00000000eb180000)
 ParOldGen       total 113664K, used 98692K [0x00000000c0000000, 0x00000000c6f00000, 0x00000000eab00000)
  object space 113664K, 86% used [0x00000000c0000000,0x00000000c60610b8,0x00000000c6f00000)
 Metaspace       used 76177K, committed 77248K, reserved 1122304K
  class space    used 8984K, committed 9472K, reserved 1048576K
}
Event: 171.029 GC heap before
{Heap before GC invocations=242 (full 10):
 PSYoungGen      total 6656K, used 6624K [0x00000000eab00000, 0x00000000eb300000, 0x0000000100000000)
  eden space 6144K, 100% used [0x00000000eab00000,0x00000000eb100000,0x00000000eb100000)
  from space 512K, 93% used [0x00000000eb180000,0x00000000eb1f8000,0x00000000eb200000)
  to   space 512K, 0% used [0x00000000eb100000,0x00000000eb100000,0x00000000eb180000)
 ParOldGen       total 113664K, used 98692K [0x00000000c0000000, 0x00000000c6f00000, 0x00000000eab00000)
  object space 113664K, 86% used [0x00000000c0000000,0x00000000c60610b8,0x00000000c6f00000)
 Metaspace       used 76177K, committed 77248K, reserved 1122304K
  class space    used 8984K, committed 9472K, reserved 1048576K
}
Event: 171.032 GC heap after
{Heap after GC invocations=242 (full 10):
 PSYoungGen      total 6656K, used 480K [0x00000000eab00000, 0x00000000eb300000, 0x0000000100000000)
  eden space 6144K, 0% used [0x00000000eab00000,0x00000000eab00000,0x00000000eb100000)
  from space 512K, 93% used [0x00000000eb100000,0x00000000eb178000,0x00000000eb180000)
  to   space 512K, 0% used [0x00000000eb280000,0x00000000eb280000,0x00000000eb300000)
 ParOldGen       total 113664K, used 99060K [0x00000000c0000000, 0x00000000c6f00000, 0x00000000eab00000)
  object space 113664K, 87% used [0x00000000c0000000,0x00000000c60bd0b8,0x00000000c6f00000)
 Metaspace       used 76177K, committed 77248K, reserved 1122304K
  class space    used 8984K, committed 9472K, reserved 1048576K
}
Event: 171.052 GC heap before
{Heap before GC invocations=243 (full 10):
 PSYoungGen      total 6656K, used 6624K [0x00000000eab00000, 0x00000000eb300000, 0x0000000100000000)
  eden space 6144K, 100% used [0x00000000eab00000,0x00000000eb100000,0x00000000eb100000)
  from space 512K, 93% used [0x00000000eb100000,0x00000000eb178000,0x00000000eb180000)
  to   space 512K, 0% used [0x00000000eb280000,0x00000000eb280000,0x00000000eb300000)
 ParOldGen       total 113664K, used 99060K [0x00000000c0000000, 0x00000000c6f00000, 0x00000000eab00000)
  object space 113664K, 87% used [0x00000000c0000000,0x00000000c60bd0b8,0x00000000c6f00000)
 Metaspace       used 76177K, committed 77248K, reserved 1122304K
  class space    used 8984K, committed 9472K, reserved 1048576K
}
Event: 171.055 GC heap after
{Heap after GC invocations=243 (full 10):
 PSYoungGen      total 7168K, used 512K [0x00000000eab00000, 0x00000000eb400000, 0x0000000100000000)
  eden space 6656K, 0% used [0x00000000eab00000,0x00000000eab00000,0x00000000eb180000)
  from space 512K, 100% used [0x00000000eb280000,0x00000000eb300000,0x00000000eb300000)
  to   space 1024K, 0% used [0x00000000eb180000,0x00000000eb180000,0x00000000eb280000)
 ParOldGen       total 113664K, used 99444K [0x00000000c0000000, 0x00000000c6f00000, 0x00000000eab00000)
  object space 113664K, 87% used [0x00000000c0000000,0x00000000c611d0b8,0x00000000c6f00000)
 Metaspace       used 76177K, committed 77248K, reserved 1122304K
  class space    used 8984K, committed 9472K, reserved 1048576K
}
Event: 171.153 GC heap before
{Heap before GC invocations=244 (full 10):
 PSYoungGen      total 7168K, used 7168K [0x00000000eab00000, 0x00000000eb400000, 0x0000000100000000)
  eden space 6656K, 100% used [0x00000000eab00000,0x00000000eb180000,0x00000000eb180000)
  from space 512K, 100% used [0x00000000eb280000,0x00000000eb300000,0x00000000eb300000)
  to   space 1024K, 0% used [0x00000000eb180000,0x00000000eb180000,0x00000000eb280000)
 ParOldGen       total 113664K, used 99444K [0x00000000c0000000, 0x00000000c6f00000, 0x00000000eab00000)
  object space 113664K, 87% used [0x00000000c0000000,0x00000000c611d0b8,0x00000000c6f00000)
 Metaspace       used 76246K, committed 77312K, reserved 1122304K
  class space    used 8985K, committed 9472K, reserved 1048576K
}
Event: 171.155 GC heap after
{Heap after GC invocations=244 (full 10):
 PSYoungGen      total 7680K, used 1019K [0x00000000eab00000, 0x00000000eb400000, 0x0000000100000000)
  eden space 6656K, 0% used [0x00000000eab00000,0x00000000eab00000,0x00000000eb180000)
  from space 1024K, 99% used [0x00000000eb180000,0x00000000eb27ec08,0x00000000eb280000)
  to   space 512K, 0% used [0x00000000eb280000,0x00000000eb280000,0x00000000eb300000)
 ParOldGen       total 113664K, used 99932K [0x00000000c0000000, 0x00000000c6f00000, 0x00000000eab00000)
  object space 113664K, 87% used [0x00000000c0000000,0x00000000c61970b8,0x00000000c6f00000)
 Metaspace       used 76246K, committed 77312K, reserved 1122304K
  class space    used 8985K, committed 9472K, reserved 1048576K
}

