# JRE version: OpenJDK Runtime Environment 18.9 (11.0.16+8) (build 11.0.16+8)
# Java VM: OpenJDK 64-Bit Server VM 18.9 (11.0.16+8, mixed mode, tiered, compressed oops, g1 gc, windows-amd64)
Heap:
 garbage-first heap   total 260096K, used 207016K [0x0000000080000000, 0x0000000100000000)
  region size 1024K, 39 young (39936K), 2 survivors (2048K)
 Metaspace       used 106571K, capacity 111619K, committed 111792K, reserved 612352K
  class space    used 14001K, capacity 15916K, committed 15968K, reserved 516096K
GC Heap History (20 events):
Event: 62.570 GC heap before
{Heap before GC invocations=15 (full 0):
 garbage-first heap   total 260096K, used 166144K [0x0000000080000000, 0x0000000100000000)
  region size 1024K, 97 young (99328K), 7 survivors (7168K)
 Metaspace       used 88483K, capacity 91186K, committed 91440K, reserved 595968K
  class space    used 11645K, capacity 12685K, committed 12768K, reserved 516096K
}
Event: 62.582 GC heap after
{Heap after GC invocations=16 (full 0):
 garbage-first heap   total 260096K, used 81725K [0x0000000080000000, 0x0000000100000000)
  region size 1024K, 13 young (13312K), 13 survivors (13312K)
 Metaspace       used 88483K, capacity 91186K, committed 91440K, reserved 595968K
  class space    used 11645K, capacity 12685K, committed 12768K, reserved 516096K
}
Event: 64.386 GC heap before
{Heap before GC invocations=16 (full 0):
 garbage-first heap   total 260096K, used 180029K [0x0000000080000000, 0x0000000100000000)
  region size 1024K, 105 young (107520K), 13 survivors (13312K)
 Metaspace       used 91891K, capacity 95085K, committed 95152K, reserved 598016K
  class space    used 12138K, capacity 13341K, committed 13408K, reserved 516096K
}
Event: 64.406 GC heap after
{Heap after GC invocations=17 (full 0):
 garbage-first heap   total 260096K, used 98796K [0x0000000080000000, 0x0000000100000000)
  region size 1024K, 13 young (13312K), 13 survivors (13312K)
 Metaspace       used 91891K, capacity 95085K, committed 95152K, reserved 598016K
  class space    used 12138K, capacity 13341K, committed 13408K, reserved 516096K
}
Event: 65.897 GC heap before
{Heap before GC invocations=17 (full 0):
 garbage-first heap   total 260096K, used 189932K [0x0000000080000000, 0x0000000100000000)
  region size 1024K, 97 young (99328K), 13 survivors (13312K)
 Metaspace       used 94795K, capacity 98248K, committed 98480K, reserved 602112K
  class space    used 12493K, capacity 13828K, committed 13920K, reserved 516096K
}
Event: 65.912 GC heap after
{Heap after GC invocations=18 (full 0):
 garbage-first heap   total 260096K, used 117760K [0x0000000080000000, 0x0000000100000000)
  region size 1024K, 13 young (13312K), 13 survivors (13312K)
 Metaspace       used 94795K, capacity 98248K, committed 98480K, reserved 602112K
  class space    used 12493K, capacity 13828K, committed 13920K, reserved 516096K
}
Event: 67.947 GC heap before
{Heap before GC invocations=18 (full 0):
 garbage-first heap   total 260096K, used 198656K [0x0000000080000000, 0x0000000100000000)
  region size 1024K, 88 young (90112K), 13 survivors (13312K)
 Metaspace       used 95912K, capacity 99924K, committed 100016K, reserved 602112K
  class space    used 12625K, capacity 14154K, committed 14176K, reserved 516096K
}
Event: 67.962 GC heap after
{Heap after GC invocations=19 (full 0):
 garbage-first heap   total 260096K, used 137627K [0x0000000080000000, 0x0000000100000000)
  region size 1024K, 11 young (11264K), 11 survivors (11264K)
 Metaspace       used 95912K, capacity 99924K, committed 100016K, reserved 602112K
  class space    used 12625K, capacity 14154K, committed 14176K, reserved 516096K
}
Event: 68.022 GC heap before
{Heap before GC invocations=19 (full 0):
 garbage-first heap   total 260096K, used 140699K [0x0000000080000000, 0x0000000100000000)
  region size 1024K, 15 young (15360K), 11 survivors (11264K)
 Metaspace       used 96037K, capacity 100231K, committed 100400K, reserved 604160K
  class space    used 12648K, capacity 14239K, committed 14304K, reserved 516096K
}
Event: 68.036 GC heap after
{Heap after GC invocations=20 (full 0):
 garbage-first heap   total 260096K, used 140509K [0x0000000080000000, 0x0000000100000000)
  region size 1024K, 2 young (2048K), 2 survivors (2048K)
 Metaspace       used 96037K, capacity 100231K, committed 100400K, reserved 604160K
  class space    used 12648K, capacity 14239K, committed 14304K, reserved 516096K
}
Event: 68.781 GC heap before
{Heap before GC invocations=21 (full 0):
 garbage-first heap   total 260096K, used 178397K [0x0000000080000000, 0x0000000100000000)
  region size 1024K, 37 young (37888K), 2 survivors (2048K)
 Metaspace       used 96275K, capacity 100650K, committed 100784K, reserved 604160K
  class space    used 12690K, capacity 14348K, committed 14432K, reserved 516096K
}
Event: 68.793 GC heap after
{Heap after GC invocations=22 (full 0):
 garbage-first heap   total 260096K, used 152764K [0x0000000080000000, 0x0000000100000000)
  region size 1024K, 6 young (6144K), 6 survivors (6144K)
 Metaspace       used 96275K, capacity 100650K, committed 100784K, reserved 604160K
  class space    used 12690K, capacity 14348K, committed 14432K, reserved 516096K
}
Event: 69.342 GC heap before
{Heap before GC invocations=23 (full 0):
 garbage-first heap   total 260096K, used 192700K [0x0000000080000000, 0x0000000100000000)
  region size 1024K, 44 young (45056K), 6 survivors (6144K)
 Metaspace       used 98243K, capacity 102766K, committed 102832K, reserved 606208K
  class space    used 12940K, capacity 14624K, committed 14688K, reserved 516096K
}
Event: 69.350 GC heap after
{Heap after GC invocations=24 (full 0):
 garbage-first heap   total 260096K, used 158407K [0x0000000080000000, 0x0000000100000000)
  region size 1024K, 5 young (5120K), 5 survivors (5120K)
 Metaspace       used 98243K, capacity 102766K, committed 102832K, reserved 606208K
  class space    used 12940K, capacity 14624K, committed 14688K, reserved 516096K
}
Event: 70.124 GC heap before
{Heap before GC invocations=24 (full 0):
 garbage-first heap   total 260096K, used 197319K [0x0000000080000000, 0x0000000100000000)
  region size 1024K, 43 young (44032K), 5 survivors (5120K)
 Metaspace       used 100100K, capacity 105104K, committed 105392K, reserved 608256K
  class space    used 13203K, capacity 15091K, committed 15200K, reserved 516096K
}
Event: 70.138 GC heap after
{Heap after GC invocations=25 (full 0):
 garbage-first heap   total 260096K, used 165762K [0x0000000080000000, 0x0000000100000000)
  region size 1024K, 6 young (6144K), 6 survivors (6144K)
 Metaspace       used 100100K, capacity 105104K, committed 105392K, reserved 608256K
  class space    used 13203K, capacity 15091K, committed 15200K, reserved 516096K
}
Event: 71.149 GC heap before
{Heap before GC invocations=26 (full 0):
 garbage-first heap   total 260096K, used 203650K [0x0000000080000000, 0x0000000100000000)
  region size 1024K, 43 young (44032K), 6 survivors (6144K)
 Metaspace       used 104076K, capacity 109039K, committed 109232K, reserved 610304K
  class space    used 13744K, capacity 15599K, committed 15712K, reserved 516096K
}
Event: 71.175 GC heap after
{Heap after GC invocations=27 (full 0):
 garbage-first heap   total 260096K, used 170545K [0x0000000080000000, 0x0000000100000000)
  region size 1024K, 5 young (5120K), 5 survivors (5120K)
 Metaspace       used 104076K, capacity 109039K, committed 109232K, reserved 610304K
  class space    used 13744K, capacity 15599K, committed 15712K, reserved 516096K
}
Event: 71.536 GC heap before
{Heap before GC invocations=27 (full 0):
 garbage-first heap   total 260096K, used 177713K [0x0000000080000000, 0x0000000100000000)
  region size 1024K, 12 young (12288K), 5 survivors (5120K)
 Metaspace       used 105218K, capacity 110265K, committed 110384K, reserved 612352K
  class space    used 13863K, capacity 15752K, committed 15840K, reserved 516096K
}
Event: 71.544 GC heap after
{Heap after GC invocations=28 (full 0):
 garbage-first heap   total 260096K, used 169128K [0x0000000080000000, 0x0000000100000000)
  region size 1024K, 2 young (2048K), 2 survivors (2048K)
 Metaspace       used 105218K, capacity 110265K, committed 110384K, reserved 612352K
  class space    used 13863K, capacity 15752K, committed 15840K, reserved 516096K
}

